2015-01-21 20:11:41,589 INFO DoradusServer: Initializing standalone mode
2015-01-21 20:11:41,594 INFO ServerConfig: Trying to load settings from: file:/Users/traduong/temp/Doradus/doradus-server/config/doradus.yaml
2015-01-21 20:11:41,787 INFO ServerConfig: Ok. Configuration loaded.
2015-01-21 20:11:41,787 INFO ServerConfig: Parsing the command line arguments...
2015-01-21 20:11:41,787 INFO ServerConfig: Ok. Arguments parsed.
2015-01-21 20:11:41,793 INFO MBeanProvider: Creating and registering the ServerMonitor MXBean
2015-01-21 20:11:41,930 INFO MBeanProvider: Creating and registering the StorageManager MXBean
2015-01-21 20:11:41,950 INFO CQLService: Using CQL API
2015-01-21 20:11:42,222 INFO DoradusServer: Doradus Version: null
2015-01-21 20:11:42,222 INFO DoradusServer: Starting services: MBeanService,CQLService,RESTService,SchemaService,TaskManagerService,TenantService,SpiderService,OLAPService
2015-01-21 20:11:42,883 INFO com.datastax.driver.core.policies.DCAwareRoundRobinPolicy: Using data-center name 'datacenter1' for DCAwareRoundRobinPolicy (if this is incorrect, please provide the correct datacenter name with DCAwareRoundRobinPolicy constructor)
2015-01-21 20:11:42,884 INFO CQLService: Connected to cluster with topography:
2015-01-21 20:11:42,885 INFO com.datastax.driver.core.Cluster: New Cassandra host localhost/127.0.0.1:9042 added
2015-01-21 20:11:42,886 INFO CQLService:    Host localhost/127.0.0.1: datacenter: datacenter1, rack: rack1, distance: LOCAL
2015-01-21 20:11:42,886 INFO CQLService: Current keyspaces:
2015-01-21 20:11:42,886 INFO CQLService:    system_auth: contains 3 ColumnFamilies
2015-01-21 20:11:42,886 INFO CQLService:    system_traces: contains 2 ColumnFamilies
2015-01-21 20:11:42,887 INFO CQLService:    HelloKitty: contains 4 ColumnFamilies
2015-01-21 20:11:42,887 INFO CQLService:    Tra: contains 2 ColumnFamilies
2015-01-21 20:11:42,887 INFO CQLService:    system: contains 16 ColumnFamilies
2015-01-21 20:11:42,887 INFO SchemaService: The following tenants and applications are defined:
2015-01-21 20:11:42,889 INFO DoradusServer: Main thread waiting for shutdown notice
2015-01-21 20:11:42,892 INFO org.eclipse.jetty.server.Server: jetty-9.0.6.v20130930
2015-01-21 20:11:42,955 INFO org.eclipse.jetty.server.ServerConnector: Started ServerConnector@4aa85e{HTTP/1.1}{0.0.0.0:1123}
2015-01-21 20:11:43,143 INFO SchemaService:    Tenant: HelloKitty
2015-01-21 20:11:43,486 INFO DoradusServer: Doradus Server shutting down
2015-01-21 20:11:43,487 INFO TaskManagerService: Stopping
2015-01-21 20:11:43,489 INFO org.eclipse.jetty.server.ServerConnector: Stopped ServerConnector@4aa85e{HTTP/1.1}{0.0.0.0:1123}
2015-01-21 20:11:43,609 INFO MBeanProvider: Unregistering the StorageManager MXBean
2015-01-21 20:11:43,609 INFO MBeanProvider: Unregistering the ServerMonitor MXBean
